Diagnose log at 2024-07-22T12:06:35Z

AppPath: /usr/local/bin/git-credential-manager
InstallDir: /usr/local/share/gcm-core/
Version: 2.5.1+90d5f897f164a8fe07d2aa3bf7db439b0b4e03ea

------------
Diagnostic: Environment
Skipped: False
Success: True
Exception: None
Log:
OSType: macOS
OSVersion: 11.7.10
Reading environment variables... OK
 Variables:
USER=c0nsumer
HOME=/Users/c0nsumer
SHLVL=1
NVM_DIR=/Users/c0nsumer/.nvm
HOMEBREW_CELLAR=/usr/local/Cellar
__CFBundleIdentifier=com.apple.Terminal
TERM_PROGRAM_VERSION=440
INFOPATH=/usr/local/share/info:
HOMEBREW_PREFIX=/usr/local
LaunchInstanceID=4D9C3F13-F29F-47C0-992B-ECC213AAE28E
MANPATH=/usr/local/share/man::
LANG=en_US.UTF-8
CPATH=/usr/local/include
_=/usr/bin/git
LIBRARY_PATH=/usr/local/lib
HOMEBREW_REPOSITORY=/usr/local/Homebrew
LOGNAME=c0nsumer
OLDPWD=/Volumes/Thunder/webdev
XPC_FLAGS=0x0
PWD=/Volumes/Thunder/webdev/esphome
GIT_EXEC_PATH=/Library/Developer/CommandLineTools/usr/libexec/git-core
TERM_PROGRAM=Apple_Terminal
SSH_AUTH_SOCK=/private/tmp/com.apple.launchd.fGAjn8fwEh/Listeners
PATH=/Library/Developer/CommandLineTools/usr/libexec/git-core:/Users/c0nsumer/bin:/usr/local/sbin:/usr/local/bin:/usr/local/sbin:/usr/local/bin:/usr/bin:/bin:/usr/sbin:/sbin:/Applications/VMware Fusion.app/Contents/Public:/opt/X11/bin:/Library/Frameworks/Mono.framework/Versions/Current/Commands:/Applications/Wireshark.app/Contents/MacOS
TMPDIR=/var/folders/sx/scpdtj8j4x90gpl9_8yk_h1m0000gn/T/
TERM_SESSION_ID=528D600A-F76D-4C8D-B8FC-D6C19E68BB0E
SHELL=/bin/zsh
DISPLAY=/private/tmp/com.apple.launchd.UhdrVGgLbf/org.macosforge.xquartz:0
GIT_TRACE2_PARENT_SID=024f45d2-e2a5-4bd3-b171-6bbb9ccf493a
TERM=xterm-256color
SECURITYSESSIONID=186a6
JAVA_HOME=/Library/Java/JavaVirtualMachines/jdk-13.0.2.jdk/Contents/Home
LE_WORKING_DIR=/Users/c0nsumer/.acme.sh
SDKROOT=/Library/Developer/CommandLineTools/SDKs/MacOSX.sdk
__CF_USER_TEXT_ENCODING=0x1F5:0x0:0x0
XPC_SERVICE_NAME=0


------------
Diagnostic: File system
Skipped: False
Success: True
Exception: None
Log:
Temporary directory is '/var/folders/sx/scpdtj8j4x90gpl9_8yk_h1m0000gn/T/'...
Checking basic file I/O...
Writing to temporary file '/var/folders/sx/scpdtj8j4x90gpl9_8yk_h1m0000gn/T/ec7f4e839080d8abad14ac5b'... OK
Reading from temporary file '/var/folders/sx/scpdtj8j4x90gpl9_8yk_h1m0000gn/T/ec7f4e839080d8abad14ac5b'... OK
Deleting temporary file '/var/folders/sx/scpdtj8j4x90gpl9_8yk_h1m0000gn/T/ec7f4e839080d8abad14ac5b'... OK
Testing IFileSystem instance...
UserHomePath: /Users/c0nsumer
UserDataDirectoryPath: /Users/c0nsumer/.gcm
GetCurrentDirectory(): /Volumes/Thunder/webdev/esphome

------------
Diagnostic: Networking
Skipped: False
Success: True
Exception: None
Log:
Checking networking and HTTP stack...
Creating HTTP client... OK
IsNetworkAvailable: True
Sending HEAD request to http://example.com...Sending HEAD request to https://example.com... OK
 OK
Acquiring free TCP port... OK
Testing local HTTP loopback connections...
Creating new HTTP listener for http://localhost:55629/... OK
Waiting for loopback connection... OK
Writing response... OK
Waiting for response data... OK
Loopback connection data OK

------------
Diagnostic: Git
Skipped: False
Success: True
Exception: None
Log:
Getting Git version... OK
Git version is '2.32.0 (Apple Git-132)'
Locating current repository...Git repository at '/Volumes/Thunder/webdev/esphome/.git'
 OK
Listing all Git configuration... OK
Git configuration:
file:/Library/Developer/CommandLineTools/usr/share/git-core/gitconfig	credential.helper=osxkeychain
file:/Users/c0nsumer/.gitconfig	credential.helper=
file:/Users/c0nsumer/.gitconfig	credential.helper=/usr/local/share/gcm-core/git-credential-manager
file:/Users/c0nsumer/.gitconfig	credential.https://dev.azure.com.usehttppath=true
file:.git/config	core.repositoryformatversion=0
file:.git/config	core.filemode=true
file:.git/config	core.bare=false
file:.git/config	core.logallrefupdates=true
file:.git/config	core.precomposeunicode=true
file:.git/config	remote.origin.url=https://github.com/c0nsumer/esphome.git
file:.git/config	remote.origin.fetch=+refs/heads/*:refs/remotes/origin/*
file:.git/config	branch.dev.remote=origin
file:.git/config	branch.dev.merge=refs/heads/dev
file:.git/config	remote.upstream.url=https://github.com/esphome/esphome.git
file:.git/config	remote.upstream.fetch=+refs/heads/*:refs/remotes/upstream/*
file:.git/config	credential.helper=store


------------
Diagnostic: Credential storage
Skipped: False
Success: True
Exception: None
Log:
ICredentialStore instance is of type: CredentialStore
Writing test credential... OK
Reading test credential... OK
Deleting test credential... OK

------------
Diagnostic: Microsoft authentication (AAD/MSA)
Skipped: False
Success: True
Exception: None
Log:
Broker is not enabled.
Flow type is: Auto
Gathering MSAL token cache data... OK
CacheDirectory: /Users/c0nsumer/.local/.IdentityService
CacheFileName: msal.cache
CacheFilePath: /Users/c0nsumer/.local/.IdentityService/msal.cache
MacKeyChainAccountName: MSALCache
MacKeyChainServiceName: Microsoft.Developer.IdentityService
Creating cache helper... OK
Verifying MSAL token cache persistence... OK

------------
Diagnostic: GitHub API
Skipped: False
Success: True
Exception: None
Log:
Using 'https://github.com/' as API target.
Querying '/meta' endpoint... OK

